2025-05-22 21:53:42,875 ERROR: Error fetching Seoul,KR: 401 Client Error: Unauthorized for url: http://api.openweathermap.org/data/2.5/weather?q=Seoul%2CKR&appid=YOUR_API_KEY&units=metric
2025-05-22 21:53:43,275 ERROR: Error fetching London,UK: 401 Client Error: Unauthorized for url: http://api.openweathermap.org/data/2.5/weather?q=London%2CUK&appid=YOUR_API_KEY&units=metric
2025-05-22 21:53:43,695 ERROR: Error fetching New York,US: 401 Client Error: Unauthorized for url: http://api.openweathermap.org/data/2.5/weather?q=New+York%2CUS&appid=YOUR_API_KEY&units=metric
2025-05-22 22:00:14,033 ERROR: Error fetching Seoul,KR: 401 Client Error: Unauthorized for url: http://api.openweathermap.org/data/2.5/weather?q=Seoul%2CKR&appid=YOUR_API_KEY&units=metric
2025-05-22 22:00:14,447 ERROR: Error fetching London,UK: 401 Client Error: Unauthorized for url: http://api.openweathermap.org/data/2.5/weather?q=London%2CUK&appid=YOUR_API_KEY&units=metric
2025-05-22 22:00:14,856 ERROR: Error fetching New York,US: 401 Client Error: Unauthorized for url: http://api.openweathermap.org/data/2.5/weather?q=New+York%2CUS&appid=YOUR_API_KEY&units=metric
2025-05-22 23:00:07,740 ERROR: Error fetching Seoul,KR: 401 Client Error: Unauthorized for url: http://api.openweathermap.org/data/2.5/weather?q=Seoul%2CKR&appid=YOUR_API_KEY&units=metric
2025-05-22 23:00:07,926 ERROR: Error fetching London,UK: 401 Client Error: Unauthorized for url: http://api.openweathermap.org/data/2.5/weather?q=London%2CUK&appid=YOUR_API_KEY&units=metric
2025-05-22 23:00:08,147 ERROR: Error fetching New York,US: 401 Client Error: Unauthorized for url: http://api.openweathermap.org/data/2.5/weather?q=New+York%2CUS&appid=YOUR_API_KEY&units=metric
2025-05-23 00:45:12,145 ERROR: Error fetching Seoul,KR: 401 Client Error: Unauthorized for url: http://api.openweathermap.org/data/2.5/weather?q=Seoul%2CKR&appid=YOUR_API_KEY&units=metric
2025-05-23 00:45:12,415 ERROR: Error fetching London,UK: 401 Client Error: Unauthorized for url: http://api.openweathermap.org/data/2.5/weather?q=London%2CUK&appid=YOUR_API_KEY&units=metric
2025-05-23 00:45:12,666 ERROR: Error fetching New York,US: 401 Client Error: Unauthorized for url: http://api.openweathermap.org/data/2.5/weather?q=New+York%2CUS&appid=YOUR_API_KEY&units=metric
2025-05-23 06:45:09,365 ERROR: Error fetching Seoul,KR: 401 Client Error: Unauthorized for url: http://api.openweathermap.org/data/2.5/weather?q=Seoul%2CKR&appid=YOUR_API_KEY&units=metric
2025-05-23 12:17:02,059 ERROR: Error fetching London,UK: ('Connection aborted.', RemoteDisconnected('Remote end closed connection without response'))
2025-05-23 12:17:02,348 ERROR: Error fetching New York,US: HTTPConnectionPool(host='api.openweathermap.org', port=80): Max retries exceeded with url: /data/2.5/weather?q=New+York%2CUS&appid=YOUR_API_KEY&units=metric (Caused by NameResolutionError("<urllib3.connection.HTTPConnection object at 0x00000200E5FCE4B0>: Failed to resolve 'api.openweathermap.org' ([Errno 11001] getaddrinfo failed)"))
2025-05-23 13:02:15,101 ERROR: Error fetching Seoul,KR: 401 Client Error: Unauthorized for url: http://api.openweathermap.org/data/2.5/weather?q=Seoul%2CKR&appid=YOUR_API_KEY&units=metric
2025-05-23 13:02:15,312 ERROR: Error fetching London,UK: 401 Client Error: Unauthorized for url: http://api.openweathermap.org/data/2.5/weather?q=London%2CUK&appid=YOUR_API_KEY&units=metric
2025-05-23 13:02:15,501 ERROR: Error fetching New York,US: 401 Client Error: Unauthorized for url: http://api.openweathermap.org/data/2.5/weather?q=New+York%2CUS&appid=YOUR_API_KEY&units=metric
2025-05-23 18:42:22,547 ERROR: Error fetching Seoul,KR: 401 Client Error: Unauthorized for url: http://api.openweathermap.org/data/2.5/weather?q=Seoul%2CKR&appid=YOUR_API_KEY&units=metric
2025-05-23 18:42:23,172 ERROR: Error fetching London,UK: 401 Client Error: Unauthorized for url: http://api.openweathermap.org/data/2.5/weather?q=London%2CUK&appid=YOUR_API_KEY&units=metric
2025-05-23 18:42:25,811 ERROR: Error fetching New York,US: 401 Client Error: Unauthorized for url: http://api.openweathermap.org/data/2.5/weather?q=New+York%2CUS&appid=YOUR_API_KEY&units=metric
2025-05-23 23:18:50,150 ERROR: Error fetching Seoul,KR: 401 Client Error: Unauthorized for url: http://api.openweathermap.org/data/2.5/weather?q=Seoul%2CKR&appid=YOUR_API_KEY&units=metric
2025-05-23 23:18:50,405 ERROR: Error fetching London,UK: 401 Client Error: Unauthorized for url: http://api.openweathermap.org/data/2.5/weather?q=London%2CUK&appid=YOUR_API_KEY&units=metric
2025-05-23 23:18:50,611 ERROR: Error fetching New York,US: 401 Client Error: Unauthorized for url: http://api.openweathermap.org/data/2.5/weather?q=New+York%2CUS&appid=YOUR_API_KEY&units=metric
2025-05-24 00:00:20,971 ERROR: Error fetching Seoul,KR: 401 Client Error: Unauthorized for url: http://api.openweathermap.org/data/2.5/weather?q=Seoul%2CKR&appid=YOUR_API_KEY&units=metric
2025-05-24 00:00:21,179 ERROR: Error fetching London,UK: 401 Client Error: Unauthorized for url: http://api.openweathermap.org/data/2.5/weather?q=London%2CUK&appid=YOUR_API_KEY&units=metric
2025-05-24 00:00:21,394 ERROR: Error fetching New York,US: 401 Client Error: Unauthorized for url: http://api.openweathermap.org/data/2.5/weather?q=New+York%2CUS&appid=YOUR_API_KEY&units=metric
2025-05-24 13:18:15,929 ERROR: Error fetching Seoul,KR: 401 Client Error: Unauthorized for url: http://api.openweathermap.org/data/2.5/weather?q=Seoul%2CKR&appid=YOUR_API_KEY&units=metric
2025-05-24 13:18:16,407 ERROR: Error fetching London,UK: 401 Client Error: Unauthorized for url: http://api.openweathermap.org/data/2.5/weather?q=London%2CUK&appid=YOUR_API_KEY&units=metric
2025-05-24 13:18:16,827 ERROR: Error fetching New York,US: 401 Client Error: Unauthorized for url: http://api.openweathermap.org/data/2.5/weather?q=New+York%2CUS&appid=YOUR_API_KEY&units=metric
2025-05-24 14:00:21,060 ERROR: Error fetching Seoul,KR: 401 Client Error: Unauthorized for url: http://api.openweathermap.org/data/2.5/weather?q=Seoul%2CKR&appid=YOUR_API_KEY&units=metric
2025-05-24 14:00:21,362 ERROR: Error fetching London,UK: 401 Client Error: Unauthorized for url: http://api.openweathermap.org/data/2.5/weather?q=London%2CUK&appid=YOUR_API_KEY&units=metric
2025-05-24 14:00:21,656 ERROR: Error fetching New York,US: 401 Client Error: Unauthorized for url: http://api.openweathermap.org/data/2.5/weather?q=New+York%2CUS&appid=YOUR_API_KEY&units=metric
2025-05-24 15:00:20,415 ERROR: Error fetching Seoul,KR: 401 Client Error: Unauthorized for url: http://api.openweathermap.org/data/2.5/weather?q=Seoul%2CKR&appid=YOUR_API_KEY&units=metric
2025-05-24 15:00:20,724 ERROR: Error fetching London,UK: 401 Client Error: Unauthorized for url: http://api.openweathermap.org/data/2.5/weather?q=London%2CUK&appid=YOUR_API_KEY&units=metric
2025-05-24 15:00:21,130 ERROR: Error fetching New York,US: 401 Client Error: Unauthorized for url: http://api.openweathermap.org/data/2.5/weather?q=New+York%2CUS&appid=YOUR_API_KEY&units=metric
2025-05-24 16:00:21,535 ERROR: Error fetching Seoul,KR: 401 Client Error: Unauthorized for url: http://api.openweathermap.org/data/2.5/weather?q=Seoul%2CKR&appid=YOUR_API_KEY&units=metric
2025-05-24 16:00:21,752 ERROR: Error fetching London,UK: 401 Client Error: Unauthorized for url: http://api.openweathermap.org/data/2.5/weather?q=London%2CUK&appid=YOUR_API_KEY&units=metric
2025-05-24 16:00:21,955 ERROR: Error fetching New York,US: 401 Client Error: Unauthorized for url: http://api.openweathermap.org/data/2.5/weather?q=New+York%2CUS&appid=YOUR_API_KEY&units=metric
2025-05-24 17:00:06,385 ERROR: Error fetching Seoul,KR: HTTPConnectionPool(host='api.openweathermap.org', port=80): Max retries exceeded with url: /data/2.5/weather?q=Seoul%2CKR&appid=YOUR_API_KEY&units=metric (Caused by NameResolutionError("<urllib3.connection.HTTPConnection object at 0x00000200E5826330>: Failed to resolve 'api.openweathermap.org' ([Errno 11001] getaddrinfo failed)"))
2025-05-24 17:00:06,392 ERROR: Error fetching London,UK: HTTPConnectionPool(host='api.openweathermap.org', port=80): Max retries exceeded with url: /data/2.5/weather?q=London%2CUK&appid=YOUR_API_KEY&units=metric (Caused by NameResolutionError("<urllib3.connection.HTTPConnection object at 0x00000200E5FCEAB0>: Failed to resolve 'api.openweathermap.org' ([Errno 11001] getaddrinfo failed)"))
2025-05-24 17:00:06,397 ERROR: Error fetching New York,US: HTTPConnectionPool(host='api.openweathermap.org', port=80): Max retries exceeded with url: /data/2.5/weather?q=New+York%2CUS&appid=YOUR_API_KEY&units=metric (Caused by NameResolutionError("<urllib3.connection.HTTPConnection object at 0x00000200E5FCF3E0>: Failed to resolve 'api.openweathermap.org' ([Errno 11001] getaddrinfo failed)"))
2025-05-24 18:00:18,104 ERROR: Error fetching Seoul,KR: 401 Client Error: Unauthorized for url: http://api.openweathermap.org/data/2.5/weather?q=Seoul%2CKR&appid=YOUR_API_KEY&units=metric
2025-05-24 18:00:18,510 ERROR: Error fetching London,UK: 401 Client Error: Unauthorized for url: http://api.openweathermap.org/data/2.5/weather?q=London%2CUK&appid=YOUR_API_KEY&units=metric
2025-05-24 18:00:18,918 ERROR: Error fetching New York,US: 401 Client Error: Unauthorized for url: http://api.openweathermap.org/data/2.5/weather?q=New+York%2CUS&appid=YOUR_API_KEY&units=metric
2025-05-24 19:11:32,417 ERROR: Error fetching Seoul,KR: HTTPConnectionPool(host='api.openweathermap.org', port=80): Max retries exceeded with url: /data/2.5/weather?q=Seoul%2CKR&appid=YOUR_API_KEY&units=metric (Caused by NameResolutionError("<urllib3.connection.HTTPConnection object at 0x00000200E5FCF980>: Failed to resolve 'api.openweathermap.org' ([Errno 11001] getaddrinfo failed)"))
2025-05-24 19:11:32,542 ERROR: Error fetching London,UK: HTTPConnectionPool(host='api.openweathermap.org', port=80): Max retries exceeded with url: /data/2.5/weather?q=London%2CUK&appid=YOUR_API_KEY&units=metric (Caused by NameResolutionError("<urllib3.connection.HTTPConnection object at 0x00000200E60105C0>: Failed to resolve 'api.openweathermap.org' ([Errno 11001] getaddrinfo failed)"))
2025-05-24 19:11:32,558 ERROR: Error fetching New York,US: HTTPConnectionPool(host='api.openweathermap.org', port=80): Max retries exceeded with url: /data/2.5/weather?q=New+York%2CUS&appid=YOUR_API_KEY&units=metric (Caused by NameResolutionError("<urllib3.connection.HTTPConnection object at 0x00000200E5E5E870>: Failed to resolve 'api.openweathermap.org' ([Errno 11001] getaddrinfo failed)"))
2025-05-25 12:51:24,383 ERROR: Error fetching Seoul,KR: HTTPConnectionPool(host='api.openweathermap.org', port=80): Max retries exceeded with url: /data/2.5/weather?q=Seoul%2CKR&appid=YOUR_API_KEY&units=metric (Caused by NameResolutionError("<urllib3.connection.HTTPConnection object at 0x00000200E5FCF560>: Failed to resolve 'api.openweathermap.org' ([Errno 11001] getaddrinfo failed)"))
2025-05-25 12:51:24,383 ERROR: Error fetching London,UK: HTTPConnectionPool(host='api.openweathermap.org', port=80): Max retries exceeded with url: /data/2.5/weather?q=London%2CUK&appid=YOUR_API_KEY&units=metric (Caused by NameResolutionError("<urllib3.connection.HTTPConnection object at 0x00000200E5FCF1D0>: Failed to resolve 'api.openweathermap.org' ([Errno 11001] getaddrinfo failed)"))
2025-05-25 12:51:24,398 ERROR: Error fetching New York,US: HTTPConnectionPool(host='api.openweathermap.org', port=80): Max retries exceeded with url: /data/2.5/weather?q=New+York%2CUS&appid=YOUR_API_KEY&units=metric (Caused by NameResolutionError("<urllib3.connection.HTTPConnection object at 0x00000200E5FCE720>: Failed to resolve 'api.openweathermap.org' ([Errno 11001] getaddrinfo failed)"))
2025-05-25 13:00:23,609 ERROR: Error fetching Seoul,KR: 401 Client Error: Unauthorized for url: http://api.openweathermap.org/data/2.5/weather?q=Seoul%2CKR&appid=YOUR_API_KEY&units=metric
2025-05-25 13:00:23,927 ERROR: Error fetching London,UK: 401 Client Error: Unauthorized for url: http://api.openweathermap.org/data/2.5/weather?q=London%2CUK&appid=YOUR_API_KEY&units=metric
2025-05-25 13:00:24,220 ERROR: Error fetching New York,US: 401 Client Error: Unauthorized for url: http://api.openweathermap.org/data/2.5/weather?q=New+York%2CUS&appid=YOUR_API_KEY&units=metric
2025-05-25 14:00:11,593 ERROR: Error fetching Seoul,KR: 401 Client Error: Unauthorized for url: http://api.openweathermap.org/data/2.5/weather?q=Seoul%2CKR&appid=YOUR_API_KEY&units=metric
2025-05-25 14:00:11,841 ERROR: Error fetching London,UK: 401 Client Error: Unauthorized for url: http://api.openweathermap.org/data/2.5/weather?q=London%2CUK&appid=YOUR_API_KEY&units=metric
2025-05-25 14:00:12,098 ERROR: Error fetching New York,US: 401 Client Error: Unauthorized for url: http://api.openweathermap.org/data/2.5/weather?q=New+York%2CUS&appid=YOUR_API_KEY&units=metric
2025-05-25 15:00:59,684 ERROR: Error fetching Seoul,KR: 401 Client Error: Unauthorized for url: http://api.openweathermap.org/data/2.5/weather?q=Seoul%2CKR&appid=YOUR_API_KEY&units=metric
2025-05-25 15:01:00,052 ERROR: Error fetching London,UK: 401 Client Error: Unauthorized for url: http://api.openweathermap.org/data/2.5/weather?q=London%2CUK&appid=YOUR_API_KEY&units=metric
2025-05-25 15:01:00,459 ERROR: Error fetching New York,US: 401 Client Error: Unauthorized for url: http://api.openweathermap.org/data/2.5/weather?q=New+York%2CUS&appid=YOUR_API_KEY&units=metric
2025-05-25 16:05:59,352 ERROR: Error fetching Seoul,KR: 401 Client Error: Unauthorized for url: http://api.openweathermap.org/data/2.5/weather?q=Seoul%2CKR&appid=YOUR_API_KEY&units=metric
2025-05-25 16:05:59,806 ERROR: Error fetching London,UK: 401 Client Error: Unauthorized for url: http://api.openweathermap.org/data/2.5/weather?q=London%2CUK&appid=YOUR_API_KEY&units=metric
2025-05-25 16:06:00,295 ERROR: Error fetching New York,US: 401 Client Error: Unauthorized for url: http://api.openweathermap.org/data/2.5/weather?q=New+York%2CUS&appid=YOUR_API_KEY&units=metric
2025-05-25 17:00:29,985 ERROR: Error fetching Seoul,KR: 401 Client Error: Unauthorized for url: http://api.openweathermap.org/data/2.5/weather?q=Seoul%2CKR&appid=YOUR_API_KEY&units=metric
2025-05-25 17:00:30,234 ERROR: Error fetching London,UK: 401 Client Error: Unauthorized for url: http://api.openweathermap.org/data/2.5/weather?q=London%2CUK&appid=YOUR_API_KEY&units=metric
2025-05-25 17:00:30,477 ERROR: Error fetching New York,US: 401 Client Error: Unauthorized for url: http://api.openweathermap.org/data/2.5/weather?q=New+York%2CUS&appid=YOUR_API_KEY&units=metric
2025-05-25 19:23:30,790 ERROR: Error fetching Seoul,KR: 401 Client Error: Unauthorized for url: http://api.openweathermap.org/data/2.5/weather?q=Seoul%2CKR&appid=YOUR_API_KEY&units=metric
2025-05-25 19:23:31,078 ERROR: Error fetching London,UK: 401 Client Error: Unauthorized for url: http://api.openweathermap.org/data/2.5/weather?q=London%2CUK&appid=YOUR_API_KEY&units=metric
2025-05-25 19:23:31,400 ERROR: Error fetching New York,US: 401 Client Error: Unauthorized for url: http://api.openweathermap.org/data/2.5/weather?q=New+York%2CUS&appid=YOUR_API_KEY&units=metric
2025-05-25 20:00:01,766 ERROR: Error fetching Seoul,KR: 401 Client Error: Unauthorized for url: http://api.openweathermap.org/data/2.5/weather?q=Seoul%2CKR&appid=YOUR_API_KEY&units=metric
2025-05-25 20:00:02,040 ERROR: Error fetching London,UK: 401 Client Error: Unauthorized for url: http://api.openweathermap.org/data/2.5/weather?q=London%2CUK&appid=YOUR_API_KEY&units=metric
2025-05-25 20:00:02,295 ERROR: Error fetching New York,US: 401 Client Error: Unauthorized for url: http://api.openweathermap.org/data/2.5/weather?q=New+York%2CUS&appid=YOUR_API_KEY&units=metric
2025-05-25 21:00:02,828 ERROR: Error fetching Seoul,KR: 401 Client Error: Unauthorized for url: http://api.openweathermap.org/data/2.5/weather?q=Seoul%2CKR&appid=YOUR_API_KEY&units=metric
2025-05-25 21:00:03,070 ERROR: Error fetching London,UK: 401 Client Error: Unauthorized for url: http://api.openweathermap.org/data/2.5/weather?q=London%2CUK&appid=YOUR_API_KEY&units=metric
2025-05-25 21:00:03,261 ERROR: Error fetching New York,US: 401 Client Error: Unauthorized for url: http://api.openweathermap.org/data/2.5/weather?q=New+York%2CUS&appid=YOUR_API_KEY&units=metric
2025-05-25 22:03:33,403 ERROR: Error fetching Seoul,KR: HTTPConnectionPool(host='api.openweathermap.org', port=80): Max retries exceeded with url: /data/2.5/weather?q=Seoul%2CKR&appid=YOUR_API_KEY&units=metric (Caused by NameResolutionError("<urllib3.connection.HTTPConnection object at 0x00000200E5FCDFD0>: Failed to resolve 'api.openweathermap.org' ([Errno 11001] getaddrinfo failed)"))
2025-05-25 22:03:33,403 ERROR: Error fetching London,UK: HTTPConnectionPool(host='api.openweathermap.org', port=80): Max retries exceeded with url: /data/2.5/weather?q=London%2CUK&appid=YOUR_API_KEY&units=metric (Caused by NameResolutionError("<urllib3.connection.HTTPConnection object at 0x00000200E6010C80>: Failed to resolve 'api.openweathermap.org' ([Errno 11001] getaddrinfo failed)"))
2025-05-25 22:03:33,423 ERROR: Error fetching New York,US: HTTPConnectionPool(host='api.openweathermap.org', port=80): Max retries exceeded with url: /data/2.5/weather?q=New+York%2CUS&appid=YOUR_API_KEY&units=metric (Caused by NameResolutionError("<urllib3.connection.HTTPConnection object at 0x00000200E5FCE330>: Failed to resolve 'api.openweathermap.org' ([Errno 11001] getaddrinfo failed)"))
2025-05-25 23:00:03,995 ERROR: Error fetching Seoul,KR: 401 Client Error: Unauthorized for url: http://api.openweathermap.org/data/2.5/weather?q=Seoul%2CKR&appid=YOUR_API_KEY&units=metric
2025-05-25 23:00:04,245 ERROR: Error fetching London,UK: 401 Client Error: Unauthorized for url: http://api.openweathermap.org/data/2.5/weather?q=London%2CUK&appid=YOUR_API_KEY&units=metric
2025-05-25 23:00:04,446 ERROR: Error fetching New York,US: 401 Client Error: Unauthorized for url: http://api.openweathermap.org/data/2.5/weather?q=New+York%2CUS&appid=YOUR_API_KEY&units=metric
2025-05-26 01:37:50,491 ERROR: Error fetching Seoul,KR: 401 Client Error: Unauthorized for url: http://api.openweathermap.org/data/2.5/weather?q=Seoul%2CKR&appid=YOUR_API_KEY&units=metric
2025-05-26 01:37:51,101 ERROR: Error fetching London,UK: 401 Client Error: Unauthorized for url: http://api.openweathermap.org/data/2.5/weather?q=London%2CUK&appid=YOUR_API_KEY&units=metric
2025-05-26 01:37:51,665 ERROR: Error fetching New York,US: 401 Client Error: Unauthorized for url: http://api.openweathermap.org/data/2.5/weather?q=New+York%2CUS&appid=YOUR_API_KEY&units=metric
2025-05-26 10:09:14,395 ERROR: Error fetching Seoul,KR: 401 Client Error: Unauthorized for url: http://api.openweathermap.org/data/2.5/weather?q=Seoul%2CKR&appid=YOUR_API_KEY&units=metric
2025-05-26 10:09:14,867 ERROR: Error fetching London,UK: 401 Client Error: Unauthorized for url: http://api.openweathermap.org/data/2.5/weather?q=London%2CUK&appid=YOUR_API_KEY&units=metric
2025-05-26 10:09:15,273 ERROR: Error fetching New York,US: 401 Client Error: Unauthorized for url: http://api.openweathermap.org/data/2.5/weather?q=New+York%2CUS&appid=YOUR_API_KEY&units=metric
